<?xml version="1.0" encoding="UTF-8"?>
<coverage generated="1651596932464" clover="3.2.0">
  <project timestamp="1651596932464" name="All files">
    <metrics statements="79" coveredstatements="53" conditionals="13" coveredconditionals="6" methods="20" coveredmethods="10" elements="112" coveredelements="69" complexity="0" loc="79" ncloc="79" packages="1" files="3" classes="3"/>
    <file name="status.js" path="/Users/mavericks/repos/todo-list/src/modules/status.js">
      <metrics statements="5" coveredstatements="0" conditionals="0" coveredconditionals="0" methods="3" coveredmethods="0"/>
      <line num="3" count="0" type="stmt"/>
      <line num="6" count="0" type="stmt"/>
      <line num="7" count="0" type="stmt"/>
      <line num="10" count="0" type="stmt"/>
      <line num="11" count="0" type="stmt"/>
    </file>
    <file name="task.js" path="/Users/mavericks/repos/todo-list/src/modules/task.js">
      <metrics statements="3" coveredstatements="3" conditionals="1" coveredconditionals="0" methods="1" coveredmethods="1"/>
      <line num="3" count="99" type="stmt"/>
      <line num="4" count="99" type="stmt"/>
      <line num="5" count="99" type="stmt"/>
    </file>
    <file name="taskList.js" path="/Users/mavericks/repos/todo-list/src/modules/taskList.js">
      <metrics statements="71" coveredstatements="50" conditionals="12" coveredconditionals="6" methods="16" coveredmethods="9"/>
      <line num="6" count="30" type="stmt"/>
      <line num="10" count="54" type="stmt"/>
      <line num="11" count="54" type="cond" truecount="1" falsecount="1"/>
      <line num="12" count="54" type="stmt"/>
      <line num="14" count="54" type="stmt"/>
      <line num="15" count="66" type="stmt"/>
      <line num="16" count="66" type="stmt"/>
      <line num="17" count="66" type="stmt"/>
      <line num="18" count="66" type="stmt"/>
      <line num="20" count="66" type="stmt"/>
      <line num="21" count="66" type="stmt"/>
      <line num="22" count="66" type="stmt"/>
      <line num="25" count="66" type="stmt"/>
      <line num="26" count="66" type="stmt"/>
      <line num="27" count="66" type="stmt"/>
      <line num="28" count="66" type="stmt"/>
      <line num="31" count="66" type="stmt"/>
      <line num="32" count="66" type="stmt"/>
      <line num="33" count="66" type="stmt"/>
      <line num="36" count="66" type="stmt"/>
      <line num="37" count="66" type="stmt"/>
      <line num="38" count="66" type="stmt"/>
      <line num="39" count="66" type="stmt"/>
      <line num="40" count="66" type="stmt"/>
      <line num="43" count="66" type="stmt"/>
      <line num="44" count="0" type="stmt"/>
      <line num="45" count="0" type="stmt"/>
      <line num="48" count="0" type="stmt"/>
      <line num="49" count="0" type="stmt"/>
      <line num="50" count="0" type="stmt"/>
      <line num="54" count="66" type="stmt"/>
      <line num="55" count="0" type="stmt"/>
      <line num="56" count="0" type="stmt"/>
      <line num="60" count="66" type="stmt"/>
      <line num="61" count="0" type="stmt"/>
      <line num="62" count="0" type="cond" truecount="0" falsecount="2"/>
      <line num="63" count="0" type="stmt"/>
      <line num="65" count="0" type="stmt"/>
      <line num="67" count="0" type="stmt"/>
      <line num="71" count="66" type="cond" truecount="2" falsecount="0"/>
      <line num="72" count="9" type="stmt"/>
      <line num="73" count="9" type="stmt"/>
      <line num="74" count="57" type="cond" truecount="1" falsecount="1"/>
      <line num="75" count="57" type="stmt"/>
      <line num="76" count="57" type="stmt"/>
      <line num="82" count="99" type="stmt"/>
      <line num="83" count="99" type="stmt"/>
      <line num="84" count="99" type="stmt"/>
      <line num="88" count="37" type="stmt"/>
      <line num="89" count="37" type="cond" truecount="2" falsecount="0"/>
      <line num="90" count="18" type="stmt"/>
      <line num="92" count="19" type="stmt"/>
      <line num="94" count="37" type="stmt"/>
      <line num="95" count="30" type="stmt"/>
      <line num="97" count="37" type="stmt"/>
      <line num="98" count="37" type="stmt"/>
      <line num="102" count="0" type="cond" truecount="0" falsecount="2"/>
      <line num="103" count="0" type="stmt"/>
      <line num="105" count="0" type="stmt"/>
      <line num="106" count="0" type="stmt"/>
      <line num="108" count="0" type="stmt"/>
      <line num="109" count="0" type="stmt"/>
      <line num="113" count="0" type="stmt"/>
      <line num="114" count="0" type="stmt"/>
      <line num="115" count="0" type="stmt"/>
      <line num="118" count="30" type="stmt"/>
      <line num="119" count="14" type="stmt"/>
      <line num="120" count="7" type="stmt"/>
      <line num="121" count="5" type="stmt"/>
      <line num="123" count="7" type="stmt"/>
      <line num="124" count="7" type="stmt"/>
    </file>
  </project>
</coverage>
