{"/Users/mavericks/repos/todo-list/src/modules/status.js": {"path":"/Users/mavericks/repos/todo-list/src/modules/status.js","statementMap":{"0":{"start":{"line":3,"column":4},"end":{"line":3,"column":27}},"1":{"start":{"line":6,"column":12},"end":{"line":8,"column":3}},"2":{"start":{"line":7,"column":4},"end":{"line":7,"column":29}},"3":{"start":{"line":10,"column":14},"end":{"line":12,"column":3}},"4":{"start":{"line":11,"column":4},"end":{"line":11,"column":30}}},"fnMap":{"0":{"name":"(anonymous_0)","decl":{"start":{"line":2,"column":2},"end":{"line":2,"column":3}},"loc":{"start":{"line":2,"column":16},"end":{"line":4,"column":3}},"line":2},"1":{"name":"(anonymous_1)","decl":{"start":{"line":6,"column":12},"end":{"line":6,"column":13}},"loc":{"start":{"line":6,"column":25},"end":{"line":8,"column":3}},"line":6},"2":{"name":"(anonymous_2)","decl":{"start":{"line":10,"column":14},"end":{"line":10,"column":15}},"loc":{"start":{"line":10,"column":27},"end":{"line":12,"column":3}},"line":10}},"branchMap":{},"s":{"0":0,"1":0,"2":0,"3":0,"4":0},"f":{"0":0,"1":0,"2":0},"b":{},"_coverageSchema":"1a1c01bbd47fc00a2c39e90264f33305004495a9","hash":"b719b594fecf130ddd1a53ed5234582991386b51"}
,"/Users/mavericks/repos/todo-list/src/modules/task.js": {"path":"/Users/mavericks/repos/todo-list/src/modules/task.js","statementMap":{"0":{"start":{"line":3,"column":4},"end":{"line":3,"column":35}},"1":{"start":{"line":4,"column":4},"end":{"line":4,"column":31}},"2":{"start":{"line":5,"column":4},"end":{"line":5,"column":23}}},"fnMap":{"0":{"name":"(anonymous_0)","decl":{"start":{"line":2,"column":2},"end":{"line":2,"column":3}},"loc":{"start":{"line":2,"column":53},"end":{"line":6,"column":3}},"line":2}},"branchMap":{"0":{"loc":{"start":{"line":2,"column":27},"end":{"line":2,"column":44}},"type":"default-arg","locations":[{"start":{"line":2,"column":39},"end":{"line":2,"column":44}}],"line":2}},"s":{"0":43,"1":43,"2":43},"f":{"0":43},"b":{"0":[0]},"_coverageSchema":"1a1c01bbd47fc00a2c39e90264f33305004495a9","hash":"7a9577de2fe00593eba54e3f3fe55ed0258e69e2"}
,"/Users/mavericks/repos/todo-list/src/modules/taskList.js": {"path":"/Users/mavericks/repos/todo-list/src/modules/taskList.js","statementMap":{"0":{"start":{"line":6,"column":4},"end":{"line":6,"column":24}},"1":{"start":{"line":10,"column":26},"end":{"line":10,"column":66}},"2":{"start":{"line":11,"column":4},"end":{"line":13,"column":5}},"3":{"start":{"line":12,"column":6},"end":{"line":12,"column":35}},"4":{"start":{"line":14,"column":4},"end":{"line":78,"column":7}},"5":{"start":{"line":15,"column":17},"end":{"line":15,"column":19}},"6":{"start":{"line":16,"column":20},"end":{"line":16,"column":22}},"7":{"start":{"line":17,"column":16},"end":{"line":17,"column":18}},"8":{"start":{"line":18,"column":21},"end":{"line":18,"column":23}},"9":{"start":{"line":20,"column":6},"end":{"line":20,"column":50}},"10":{"start":{"line":21,"column":6},"end":{"line":21,"column":48}},"11":{"start":{"line":22,"column":6},"end":{"line":22,"column":42}},"12":{"start":{"line":25,"column":6},"end":{"line":25,"column":56}},"13":{"start":{"line":26,"column":6},"end":{"line":26,"column":55}},"14":{"start":{"line":27,"column":6},"end":{"line":27,"column":48}},"15":{"start":{"line":28,"column":6},"end":{"line":28,"column":51}},"16":{"start":{"line":31,"column":6},"end":{"line":31,"column":48}},"17":{"start":{"line":32,"column":6},"end":{"line":32,"column":47}},"18":{"start":{"line":33,"column":6},"end":{"line":33,"column":47}},"19":{"start":{"line":36,"column":6},"end":{"line":36,"column":58}},"20":{"start":{"line":37,"column":6},"end":{"line":37,"column":52}},"21":{"start":{"line":38,"column":6},"end":{"line":38,"column":83}},"22":{"start":{"line":39,"column":6},"end":{"line":39,"column":74}},"23":{"start":{"line":40,"column":6},"end":{"line":40,"column":41}},"24":{"start":{"line":43,"column":6},"end":{"line":52,"column":9}},"25":{"start":{"line":44,"column":8},"end":{"line":44,"column":81}},"26":{"start":{"line":45,"column":8},"end":{"line":45,"column":54}},"27":{"start":{"line":48,"column":8},"end":{"line":51,"column":11}},"28":{"start":{"line":49,"column":10},"end":{"line":49,"column":32}},"29":{"start":{"line":50,"column":10},"end":{"line":50,"column":32}},"30":{"start":{"line":54,"column":6},"end":{"line":57,"column":9}},"31":{"start":{"line":55,"column":8},"end":{"line":55,"column":85}},"32":{"start":{"line":56,"column":8},"end":{"line":56,"column":53}},"33":{"start":{"line":60,"column":6},"end":{"line":68,"column":9}},"34":{"start":{"line":61,"column":23},"end":{"line":61,"column":35}},"35":{"start":{"line":62,"column":8},"end":{"line":66,"column":9}},"36":{"start":{"line":63,"column":10},"end":{"line":63,"column":51}},"37":{"start":{"line":65,"column":10},"end":{"line":65,"column":53}},"38":{"start":{"line":67,"column":8},"end":{"line":67,"column":77}},"39":{"start":{"line":71,"column":6},"end":{"line":77,"column":7}},"40":{"start":{"line":72,"column":8},"end":{"line":72,"column":59}},"41":{"start":{"line":73,"column":8},"end":{"line":73,"column":46}},"42":{"start":{"line":74,"column":13},"end":{"line":77,"column":7}},"43":{"start":{"line":75,"column":8},"end":{"line":75,"column":51}},"44":{"start":{"line":76,"column":8},"end":{"line":76,"column":49}},"45":{"start":{"line":82,"column":17},"end":{"line":82,"column":56}},"46":{"start":{"line":83,"column":4},"end":{"line":83,"column":30}},"47":{"start":{"line":84,"column":4},"end":{"line":84,"column":70}},"48":{"start":{"line":88,"column":16},"end":{"line":88,"column":19}},"49":{"start":{"line":89,"column":4},"end":{"line":93,"column":5}},"50":{"start":{"line":90,"column":6},"end":{"line":90,"column":26}},"51":{"start":{"line":92,"column":6},"end":{"line":92,"column":36}},"52":{"start":{"line":94,"column":4},"end":{"line":96,"column":7}},"53":{"start":{"line":95,"column":6},"end":{"line":95,"column":23}},"54":{"start":{"line":97,"column":4},"end":{"line":97,"column":70}},"55":{"start":{"line":98,"column":4},"end":{"line":98,"column":19}},"56":{"start":{"line":102,"column":4},"end":{"line":104,"column":5}},"57":{"start":{"line":103,"column":6},"end":{"line":103,"column":52}},"58":{"start":{"line":105,"column":4},"end":{"line":107,"column":7}},"59":{"start":{"line":106,"column":6},"end":{"line":106,"column":23}},"60":{"start":{"line":108,"column":4},"end":{"line":108,"column":70}},"61":{"start":{"line":109,"column":4},"end":{"line":109,"column":19}},"62":{"start":{"line":113,"column":4},"end":{"line":113,"column":24}},"63":{"start":{"line":114,"column":4},"end":{"line":114,"column":25}},"64":{"start":{"line":115,"column":4},"end":{"line":115,"column":29}},"65":{"start":{"line":118,"column":22},"end":{"line":125,"column":3}},"66":{"start":{"line":119,"column":4},"end":{"line":119,"column":85}},"67":{"start":{"line":119,"column":56},"end":{"line":119,"column":83}},"68":{"start":{"line":120,"column":4},"end":{"line":122,"column":7}},"69":{"start":{"line":121,"column":6},"end":{"line":121,"column":23}},"70":{"start":{"line":123,"column":4},"end":{"line":123,"column":70}},"71":{"start":{"line":124,"column":4},"end":{"line":124,"column":29}}},"fnMap":{"0":{"name":"(anonymous_0)","decl":{"start":{"line":5,"column":2},"end":{"line":5,"column":3}},"loc":{"start":{"line":5,"column":16},"end":{"line":7,"column":3}},"line":5},"1":{"name":"(anonymous_1)","decl":{"start":{"line":9,"column":2},"end":{"line":9,"column":3}},"loc":{"start":{"line":9,"column":12},"end":{"line":79,"column":3}},"line":9},"2":{"name":"(anonymous_2)","decl":{"start":{"line":14,"column":27},"end":{"line":14,"column":28}},"loc":{"start":{"line":14,"column":35},"end":{"line":78,"column":5}},"line":14},"3":{"name":"(anonymous_3)","decl":{"start":{"line":43,"column":44},"end":{"line":43,"column":45}},"loc":{"start":{"line":43,"column":51},"end":{"line":52,"column":7}},"line":43},"4":{"name":"(anonymous_4)","decl":{"start":{"line":48,"column":55},"end":{"line":48,"column":56}},"loc":{"start":{"line":48,"column":61},"end":{"line":51,"column":9}},"line":48},"5":{"name":"(anonymous_5)","decl":{"start":{"line":54,"column":50},"end":{"line":54,"column":51}},"loc":{"start":{"line":54,"column":57},"end":{"line":57,"column":7}},"line":54},"6":{"name":"(anonymous_6)","decl":{"start":{"line":60,"column":49},"end":{"line":60,"column":50}},"loc":{"start":{"line":60,"column":56},"end":{"line":68,"column":7}},"line":60},"7":{"name":"(anonymous_7)","decl":{"start":{"line":81,"column":2},"end":{"line":81,"column":3}},"loc":{"start":{"line":81,"column":37},"end":{"line":85,"column":3}},"line":81},"8":{"name":"(anonymous_8)","decl":{"start":{"line":87,"column":2},"end":{"line":87,"column":3}},"loc":{"start":{"line":87,"column":14},"end":{"line":99,"column":3}},"line":87},"9":{"name":"(anonymous_9)","decl":{"start":{"line":94,"column":27},"end":{"line":94,"column":28}},"loc":{"start":{"line":94,"column":42},"end":{"line":96,"column":5}},"line":94},"10":{"name":"(anonymous_10)","decl":{"start":{"line":101,"column":2},"end":{"line":101,"column":3}},"loc":{"start":{"line":101,"column":27},"end":{"line":110,"column":3}},"line":101},"11":{"name":"(anonymous_11)","decl":{"start":{"line":105,"column":27},"end":{"line":105,"column":28}},"loc":{"start":{"line":105,"column":42},"end":{"line":107,"column":5}},"line":105},"12":{"name":"(anonymous_12)","decl":{"start":{"line":112,"column":2},"end":{"line":112,"column":3}},"loc":{"start":{"line":112,"column":13},"end":{"line":116,"column":3}},"line":112},"13":{"name":"(anonymous_13)","decl":{"start":{"line":118,"column":22},"end":{"line":118,"column":23}},"loc":{"start":{"line":118,"column":28},"end":{"line":125,"column":3}},"line":118},"14":{"name":"(anonymous_14)","decl":{"start":{"line":119,"column":43},"end":{"line":119,"column":44}},"loc":{"start":{"line":119,"column":56},"end":{"line":119,"column":83}},"line":119},"15":{"name":"(anonymous_15)","decl":{"start":{"line":120,"column":27},"end":{"line":120,"column":28}},"loc":{"start":{"line":120,"column":42},"end":{"line":122,"column":5}},"line":120}},"branchMap":{"0":{"loc":{"start":{"line":11,"column":4},"end":{"line":13,"column":5}},"type":"if","locations":[{"start":{"line":11,"column":4},"end":{"line":13,"column":5}},{"start":{},"end":{}}],"line":11},"1":{"loc":{"start":{"line":62,"column":8},"end":{"line":66,"column":9}},"type":"if","locations":[{"start":{"line":62,"column":8},"end":{"line":66,"column":9}},{"start":{"line":64,"column":15},"end":{"line":66,"column":9}}],"line":62},"2":{"loc":{"start":{"line":71,"column":6},"end":{"line":77,"column":7}},"type":"if","locations":[{"start":{"line":71,"column":6},"end":{"line":77,"column":7}},{"start":{"line":74,"column":13},"end":{"line":77,"column":7}}],"line":71},"3":{"loc":{"start":{"line":74,"column":13},"end":{"line":77,"column":7}},"type":"if","locations":[{"start":{"line":74,"column":13},"end":{"line":77,"column":7}},{"start":{},"end":{}}],"line":74},"4":{"loc":{"start":{"line":89,"column":4},"end":{"line":93,"column":5}},"type":"if","locations":[{"start":{"line":89,"column":4},"end":{"line":93,"column":5}},{"start":{"line":91,"column":11},"end":{"line":93,"column":5}}],"line":89},"5":{"loc":{"start":{"line":102,"column":4},"end":{"line":104,"column":5}},"type":"if","locations":[{"start":{"line":102,"column":4},"end":{"line":104,"column":5}},{"start":{},"end":{}}],"line":102}},"s":{"0":14,"1":19,"2":19,"3":19,"4":19,"5":28,"6":28,"7":28,"8":28,"9":28,"10":28,"11":28,"12":28,"13":28,"14":28,"15":28,"16":28,"17":28,"18":28,"19":28,"20":28,"21":28,"22":28,"23":28,"24":28,"25":0,"26":0,"27":0,"28":0,"29":0,"30":28,"31":0,"32":0,"33":28,"34":0,"35":0,"36":0,"37":0,"38":0,"39":28,"40":0,"41":0,"42":28,"43":28,"44":28,"45":43,"46":43,"47":43,"48":16,"49":16,"50":3,"51":13,"52":16,"53":22,"54":16,"55":16,"56":0,"57":0,"58":0,"59":0,"60":0,"61":0,"62":0,"63":0,"64":0,"65":14,"66":0,"67":0,"68":0,"69":0,"70":0,"71":0},"f":{"0":14,"1":19,"2":28,"3":0,"4":0,"5":0,"6":0,"7":43,"8":16,"9":22,"10":0,"11":0,"12":0,"13":0,"14":0,"15":0},"b":{"0":[19,0],"1":[0,0],"2":[0,28],"3":[28,0],"4":[3,13],"5":[0,0]},"_coverageSchema":"1a1c01bbd47fc00a2c39e90264f33305004495a9","hash":"9468fd1b73296e9035838fd1bb0019119b9eb941"}
}
