TN:
SF:src/modules/status.js
FN:2,(anonymous_0)
FN:6,(anonymous_1)
FN:10,(anonymous_2)
FNF:3
FNH:0
FNDA:0,(anonymous_0)
FNDA:0,(anonymous_1)
FNDA:0,(anonymous_2)
DA:3,0
DA:6,0
DA:7,0
DA:10,0
DA:11,0
LF:5
LH:0
BRF:0
BRH:0
end_of_record
TN:
SF:src/modules/task.js
FN:2,(anonymous_0)
FNF:1
FNH:1
FNDA:43,(anonymous_0)
DA:3,43
DA:4,43
DA:5,43
LF:3
LH:3
BRDA:2,0,0,0
BRF:1
BRH:0
end_of_record
TN:
SF:src/modules/taskList.js
FN:5,(anonymous_0)
FN:9,(anonymous_1)
FN:14,(anonymous_2)
FN:43,(anonymous_3)
FN:48,(anonymous_4)
FN:54,(anonymous_5)
FN:60,(anonymous_6)
FN:81,(anonymous_7)
FN:87,(anonymous_8)
FN:94,(anonymous_9)
FN:101,(anonymous_10)
FN:105,(anonymous_11)
FN:112,(anonymous_12)
FN:118,(anonymous_13)
FN:119,(anonymous_14)
FN:120,(anonymous_15)
FNF:16
FNH:6
FNDA:14,(anonymous_0)
FNDA:19,(anonymous_1)
FNDA:28,(anonymous_2)
FNDA:0,(anonymous_3)
FNDA:0,(anonymous_4)
FNDA:0,(anonymous_5)
FNDA:0,(anonymous_6)
FNDA:43,(anonymous_7)
FNDA:16,(anonymous_8)
FNDA:22,(anonymous_9)
FNDA:0,(anonymous_10)
FNDA:0,(anonymous_11)
FNDA:0,(anonymous_12)
FNDA:0,(anonymous_13)
FNDA:0,(anonymous_14)
FNDA:0,(anonymous_15)
DA:6,14
DA:10,19
DA:11,19
DA:12,19
DA:14,19
DA:15,28
DA:16,28
DA:17,28
DA:18,28
DA:20,28
DA:21,28
DA:22,28
DA:25,28
DA:26,28
DA:27,28
DA:28,28
DA:31,28
DA:32,28
DA:33,28
DA:36,28
DA:37,28
DA:38,28
DA:39,28
DA:40,28
DA:43,28
DA:44,0
DA:45,0
DA:48,0
DA:49,0
DA:50,0
DA:54,28
DA:55,0
DA:56,0
DA:60,28
DA:61,0
DA:62,0
DA:63,0
DA:65,0
DA:67,0
DA:71,28
DA:72,0
DA:73,0
DA:74,28
DA:75,28
DA:76,28
DA:82,43
DA:83,43
DA:84,43
DA:88,16
DA:89,16
DA:90,3
DA:92,13
DA:94,16
DA:95,22
DA:97,16
DA:98,16
DA:102,0
DA:103,0
DA:105,0
DA:106,0
DA:108,0
DA:109,0
DA:113,0
DA:114,0
DA:115,0
DA:118,14
DA:119,0
DA:120,0
DA:121,0
DA:123,0
DA:124,0
LF:71
LH:43
BRDA:11,0,0,19
BRDA:11,0,1,0
BRDA:62,1,0,0
BRDA:62,1,1,0
BRDA:71,2,0,0
BRDA:71,2,1,28
BRDA:74,3,0,28
BRDA:74,3,1,0
BRDA:89,4,0,3
BRDA:89,4,1,13
BRDA:102,5,0,0
BRDA:102,5,1,0
BRF:12
BRH:5
end_of_record
