TN:
SF:src/modules/status.js
FN:2,(anonymous_0)
FN:6,(anonymous_1)
FN:10,(anonymous_2)
FNF:3
FNH:0
FNDA:0,(anonymous_0)
FNDA:0,(anonymous_1)
FNDA:0,(anonymous_2)
DA:3,0
DA:6,0
DA:7,0
DA:10,0
DA:11,0
LF:5
LH:0
BRF:0
BRH:0
end_of_record
TN:
SF:src/modules/task.js
FN:2,(anonymous_0)
FNF:1
FNH:1
FNDA:99,(anonymous_0)
DA:3,99
DA:4,99
DA:5,99
LF:3
LH:3
BRDA:2,0,0,0
BRF:1
BRH:0
end_of_record
TN:
SF:src/modules/taskList.js
FN:5,(anonymous_0)
FN:9,(anonymous_1)
FN:14,(anonymous_2)
FN:43,(anonymous_3)
FN:48,(anonymous_4)
FN:54,(anonymous_5)
FN:60,(anonymous_6)
FN:81,(anonymous_7)
FN:87,(anonymous_8)
FN:94,(anonymous_9)
FN:101,(anonymous_10)
FN:105,(anonymous_11)
FN:112,(anonymous_12)
FN:118,(anonymous_13)
FN:119,(anonymous_14)
FN:120,(anonymous_15)
FNF:16
FNH:9
FNDA:30,(anonymous_0)
FNDA:54,(anonymous_1)
FNDA:66,(anonymous_2)
FNDA:0,(anonymous_3)
FNDA:0,(anonymous_4)
FNDA:0,(anonymous_5)
FNDA:0,(anonymous_6)
FNDA:99,(anonymous_7)
FNDA:37,(anonymous_8)
FNDA:30,(anonymous_9)
FNDA:0,(anonymous_10)
FNDA:0,(anonymous_11)
FNDA:0,(anonymous_12)
FNDA:7,(anonymous_13)
FNDA:14,(anonymous_14)
FNDA:5,(anonymous_15)
DA:6,30
DA:10,54
DA:11,54
DA:12,54
DA:14,54
DA:15,66
DA:16,66
DA:17,66
DA:18,66
DA:20,66
DA:21,66
DA:22,66
DA:25,66
DA:26,66
DA:27,66
DA:28,66
DA:31,66
DA:32,66
DA:33,66
DA:36,66
DA:37,66
DA:38,66
DA:39,66
DA:40,66
DA:43,66
DA:44,0
DA:45,0
DA:48,0
DA:49,0
DA:50,0
DA:54,66
DA:55,0
DA:56,0
DA:60,66
DA:61,0
DA:62,0
DA:63,0
DA:65,0
DA:67,0
DA:71,66
DA:72,9
DA:73,9
DA:74,57
DA:75,57
DA:76,57
DA:82,99
DA:83,99
DA:84,99
DA:88,37
DA:89,37
DA:90,18
DA:92,19
DA:94,37
DA:95,30
DA:97,37
DA:98,37
DA:102,0
DA:103,0
DA:105,0
DA:106,0
DA:108,0
DA:109,0
DA:113,0
DA:114,0
DA:115,0
DA:118,30
DA:119,14
DA:120,7
DA:121,5
DA:123,7
DA:124,7
LF:71
LH:50
BRDA:11,0,0,54
BRDA:11,0,1,0
BRDA:62,1,0,0
BRDA:62,1,1,0
BRDA:71,2,0,9
BRDA:71,2,1,57
BRDA:74,3,0,57
BRDA:74,3,1,0
BRDA:89,4,0,18
BRDA:89,4,1,19
BRDA:102,5,0,0
BRDA:102,5,1,0
BRF:12
BRH:6
end_of_record
